MM: (-2147483648, 2147483647) lvl: 4
MM: (-2147483648, 2147483647) lvl: 3
MM: (-2147483648, 2147483647) lvl: 2
MM: (-2147483648, 2147483647) lvl: 1
MM: (-2147483648, 2147483647) lvl: 0
MM: (-2147483648, 2) lvl: 0
MM: (-2147483648, 0) lvl: 0
MM: (-2147483648, 0) lvl: 0
MM: (-2147483648, 0) lvl: 0
MM: (-2147483648, 0) lvl: 0
MM: (0, 2147483647) lvl: 1
MM: (0, 2147483647) lvl: 0
MM: (0, 2147483647) lvl: 1
MM: (0, 2147483647) lvl: 0
MM: (0, 2) lvl: 0
MM: (0, 2) lvl: 0
MM: (0, 2) lvl: 0
MM: (0, 2) lvl: 0
MM: (0, 2) lvl: 0
MM: (2, 2147483647) lvl: 1
MM: (2, 2147483647) lvl: 0
MM: (2, 2147483647) lvl: 1
MM: (2, 2147483647) lvl: 0
MM: (2, 2147483647) lvl: 1
MM: (2, 2147483647) lvl: 0
MM: (2, 2147483647) lvl: 1
MM: (2, 2147483647) lvl: 0
MM: (-2147483648, 2) lvl: 2
MM: (-2147483648, 2) lvl: 1
MM: (-2147483648, 2) lvl: 0
MM: (-2147483648, 0) lvl: 0
MM: (-2147483648, -2) lvl: 0
MM: (-2147483648, -2) lvl: 0
MM: (-2147483648, -2) lvl: 0
MM: (-2147483648, -2) lvl: 0
MM: (-2, 2) lvl: 1
MM: (-2, 2) lvl: 0
MM: (-2, 0) lvl: 0
MM: (-2, 2) lvl: 1
MM: (-2, 2) lvl: 0
MM: (-2, 2) lvl: 0
MM: (-2, 2) lvl: 0
MM: (-2, 2) lvl: 0
MM: (-2, 1) lvl: 0
MM: (-2, 1) lvl: 0
MM: (1, 2) lvl: 1
MM: (1, 2) lvl: 0
MM: (1, 2) lvl: 1
MM: (1, 2) lvl: 0
MM: (1, 2) lvl: 1
MM: (1, 2) lvl: 0
MM: (1, 2) lvl: 1
MM: (1, 2) lvl: 0
MM: (-2147483648, 1) lvl: 2
MM: (-2147483648, 1) lvl: 1
MM: (-2147483648, 1) lvl: 0
MM: (-2147483648, 0) lvl: 0
MM: (-2147483648, -1) lvl: 0
MM: (-2147483648, -1) lvl: 0
MM: (-2147483648, -1) lvl: 0
MM: (-2147483648, -1) lvl: 0
MM: (-1, 1) lvl: 1
MM: (-1, 1) lvl: 0
MM: (-1, 1) lvl: 0
MM: (-1, 0) lvl: 0
MM: (-1, 0) lvl: 0
MM: (-1, 0) lvl: 0
MM: (-1, 0) lvl: 0
MM: (0, 1) lvl: 1
MM: (0, 1) lvl: 0
MM: (0, 1) lvl: 0
MM: (0, 1) lvl: 0
MM: (0, 1) lvl: 0
MM: (0, 1) lvl: 0
MM: (0, 1) lvl: 0
MM: (-2147483648, 1) lvl: 2
MM: (-2147483648, 1) lvl: 1
MM: (-2147483648, 1) lvl: 0
MM: (-2147483648, -2) lvl: 0
MM: (-2147483648, -2) lvl: 0
MM: (-2147483648, -2) lvl: 0
MM: (-2147483648, -2) lvl: 0
MM: (-2147483648, -2) lvl: 0
MM: (-2, 1) lvl: 1
MM: (-2, 1) lvl: 0
MM: (-2, 0) lvl: 0
MM: (-2, 0) lvl: 0
MM: (-2, 0) lvl: 0
MM: (-2, -1) lvl: 0
MM: (-2, -1) lvl: 0
MM: (-1, 1) lvl: 1
MM: (-1, 1) lvl: 0
MM: (-1, 1) lvl: 1
MM: (-1, 1) lvl: 0
MM: (-1, 1) lvl: 1
MM: (-1, 1) lvl: 0
MM: (-1, 0) lvl: 0
MM: (-1, 1) lvl: 1
MM: (-1, 1) lvl: 0
MM: (-1, 1) lvl: 1
MM: (-1, 1) lvl: 0
MM: (-1, 0) lvl: 0
MM: (-2147483648, -1) lvl: 2
MM: (-2147483648, -1) lvl: 1
MM: (-2147483648, -1) lvl: 0
MM: (-2147483648, -1) lvl: 0
MM: (-2147483648, -1) lvl: 0
MM: (-2147483648, -1) lvl: 0
MM: (-2147483648, -1) lvl: 0
MM: (-2147483648, -1) lvl: 0
MM: (-2147483648, -1) lvl: 2
MM: (-2147483648, -1) lvl: 1
MM: (-2147483648, -1) lvl: 0
MM: (-2147483648, -1) lvl: 0
MM: (-2147483648, -1) lvl: 0
MM: (-2147483648, -2) lvl: 0
MM: (-2147483648, -2) lvl: 0
MM: (-2147483648, -2) lvl: 0
MM: (-2, -1) lvl: 1
MM: (-2, -1) lvl: 0
MM: (-2, -1) lvl: 0
MM: (-2, -1) lvl: 0
MM: (-2, -1) lvl: 0
MM: (-2, -1) lvl: 0
MM: (-2, -1) lvl: 0
MM: (-2147483648, -1) lvl: 2
MM: (-2147483648, -1) lvl: 1
MM: (-2147483648, -1) lvl: 0
MM: (-2147483648, -1) lvl: 0
MM: (-2147483648, -1) lvl: 0
MM: (-2147483648, -1) lvl: 0
MM: (-2147483648, -1) lvl: 0
MM: (-2147483648, -1) lvl: 0
MM: (-2147483648, -1) lvl: 2
MM: (-2147483648, -1) lvl: 1
MM: (-2147483648, -1) lvl: 0
MM: (-2147483648, -1) lvl: 0
MM: (-2147483648, -1) lvl: 0
MM: (-2147483648, -2) lvl: 0
MM: (-2147483648, -2) lvl: 0
MM: (-2147483648, -2) lvl: 0
MM: (-2, -1) lvl: 1
MM: (-2, -1) lvl: 0
MM: (-2, -1) lvl: 0
MM: (-2, -1) lvl: 0
MM: (-2, -1) lvl: 0
MM: (-2, -1) lvl: 0
MM: (-2, -1) lvl: 0
MM: (-1, 2147483647) lvl: 3
MM: (-1, 2147483647) lvl: 2
MM: (-1, 2147483647) lvl: 1
MM: (-1, 2147483647) lvl: 0
MM: (-1, 0) lvl: 0
MM: (-1, 2147483647) lvl: 1
MM: (-1, 2147483647) lvl: 0
MM: (-1, 2147483647) lvl: 1
MM: (-1, 2147483647) lvl: 0
MM: (-1, 0) lvl: 0
MM: (-1, 0) lvl: 0
MM: (-1, 0) lvl: 0
MM: (-1, 0) lvl: 0
MM: (-1, 0) lvl: 0
MM: (0, 2147483647) lvl: 1
MM: (0, 2147483647) lvl: 0
MM: (0, 2147483647) lvl: 1
MM: (0, 2147483647) lvl: 0
MM: (0, 2147483647) lvl: 1
MM: (0, 2147483647) lvl: 0
MM: (0, 2147483647) lvl: 1
MM: (0, 2147483647) lvl: 0
MM: (-1, 0) lvl: 2
MM: (-1, 0) lvl: 1
MM: (-1, 0) lvl: 0
MM: (-1, 0) lvl: 0
MM: (-1, 0) lvl: 1
MM: (-1, 0) lvl: 0
MM: (-1, 0) lvl: 1
MM: (-1, 0) lvl: 0
MM: (-1, 0) lvl: 0
MM: (-1, 0) lvl: 0
MM: (-1, 0) lvl: 0
MM: (-1, 0) lvl: 0
MM: (-1, 0) lvl: 0
MM: (-1, 0) lvl: 2
MM: (-1, 0) lvl: 1
MM: (-1, 0) lvl: 0
MM: (-1, 0) lvl: 0
MM: (-1, 0) lvl: 1
MM: (-1, 0) lvl: 0
MM: (-1, 0) lvl: 0
MM: (-1, 0) lvl: 1
MM: (-1, 0) lvl: 0
MM: (-1, 0) lvl: 0
MM: (-1, 0) lvl: 0
MM: (-1, 0) lvl: 0
MM: (-1, 0) lvl: 0
MM: (-1, 0) lvl: 0
MM: (-1, 0) lvl: 2
MM: (-1, 0) lvl: 1
MM: (-1, 0) lvl: 0
MM: (-1, 0) lvl: 1
MM: (-1, 0) lvl: 0
MM: (-1, 0) lvl: 1
MM: (-1, 0) lvl: 0
MM: (-1, 0) lvl: 1
MM: (-1, 0) lvl: 0
MM: (-1, 0) lvl: 1
MM: (-1, 0) lvl: 0
MM: (-1, 0) lvl: 1
MM: (-1, 0) lvl: 0
MM: (-1, 0) lvl: 1
MM: (-1, 0) lvl: 0
MM: (-1, 2147483647) lvl: 3
MM: (-1, 2147483647) lvl: 2
MM: (-1, 2147483647) lvl: 1
MM: (-1, 2147483647) lvl: 0
MM: (-1, 0) lvl: 0
MM: (-1, 2147483647) lvl: 1
MM: (-1, 2147483647) lvl: 0
MM: (-1, 0) lvl: 0
MM: (-1, 2147483647) lvl: 1
MM: (-1, 2147483647) lvl: 0
MM: (-1, 2) lvl: 0
MM: (-1, 2) lvl: 0
MM: (-1, 2) lvl: 0
MM: (-1, 1) lvl: 0
MM: (-1, 1) lvl: 0
MM: (1, 2147483647) lvl: 1
MM: (1, 2147483647) lvl: 0
MM: (1, 2147483647) lvl: 1
MM: (1, 2147483647) lvl: 0
MM: (1, 2147483647) lvl: 1
MM: (1, 2147483647) lvl: 0
MM: (1, 2147483647) lvl: 1
MM: (1, 2147483647) lvl: 0
MM: (-1, 1) lvl: 2
MM: (-1, 1) lvl: 1
MM: (-1, 1) lvl: 0
MM: (-1, 1) lvl: 0
MM: (-1, 0) lvl: 0
MM: (-1, 0) lvl: 0
MM: (-1, 0) lvl: 0
MM: (-1, 0) lvl: 0
MM: (0, 1) lvl: 1
MM: (0, 1) lvl: 0
MM: (0, 1) lvl: 1
MM: (0, 1) lvl: 0
MM: (0, 1) lvl: 0
MM: (0, 1) lvl: 0
MM: (0, 1) lvl: 0
MM: (0, 1) lvl: 0
MM: (0, 1) lvl: 0
MM: (-1, 1) lvl: 2
MM: (-1, 1) lvl: 1
MM: (-1, 1) lvl: 0
MM: (-1, 1) lvl: 0
MM: (-1, 0) lvl: 0
MM: (-1, 0) lvl: 0
MM: (-1, 0) lvl: 0
MM: (-1, 0) lvl: 0
MM: (0, 1) lvl: 1
MM: (0, 1) lvl: 0
MM: (0, 1) lvl: 1
MM: (0, 1) lvl: 0
MM: (0, 1) lvl: 0
MM: (0, 1) lvl: 0
MM: (0, 1) lvl: 0
MM: (0, 1) lvl: 0
MM: (0, 1) lvl: 0
MM: (-1, 1) lvl: 2
MM: (-1, 1) lvl: 1
MM: (-1, 1) lvl: 0
MM: (-1, 0) lvl: 0
MM: (-1, 0) lvl: 0
MM: (-1, 0) lvl: 0
MM: (-1, 1) lvl: 1
MM: (-1, 1) lvl: 0
MM: (-1, 1) lvl: 1
MM: (-1, 1) lvl: 0
MM: (-1, 1) lvl: 1
MM: (-1, 1) lvl: 0
MM: (-1, 1) lvl: 1
MM: (-1, 1) lvl: 0
MM: (-1, 1) lvl: 1
MM: (-1, 1) lvl: 0
MM: (-1, 1) lvl: 1
MM: (-1, 1) lvl: 0
MM: (-1, 2147483647) lvl: 3
MM: (-1, 2147483647) lvl: 2
MM: (-1, 2147483647) lvl: 1
MM: (-1, 2147483647) lvl: 0
MM: (-1, 2147483647) lvl: 1
MM: (-1, 2147483647) lvl: 0
MM: (-1, 0) lvl: 0
MM: (-1, 2147483647) lvl: 1
MM: (-1, 2147483647) lvl: 0
MM: (-1, 1) lvl: 0
MM: (-1, 0) lvl: 0
MM: (-1, 0) lvl: 0
MM: (-1, 0) lvl: 0
MM: (-1, 0) lvl: 0
MM: (0, 2147483647) lvl: 1
MM: (0, 2147483647) lvl: 0
MM: (0, 2147483647) lvl: 1
MM: (0, 2147483647) lvl: 0
MM: (0, 2147483647) lvl: 1
MM: (0, 2147483647) lvl: 0
MM: (0, 2147483647) lvl: 1
MM: (0, 2147483647) lvl: 0
MM: (-1, 0) lvl: 2
MM: (-1, 0) lvl: 1
MM: (-1, 0) lvl: 0
MM: (-1, 0) lvl: 0
MM: (-1, 0) lvl: 1
MM: (-1, 0) lvl: 0
MM: (-1, 0) lvl: 0
MM: (-1, 0) lvl: 1
MM: (-1, 0) lvl: 0
MM: (-1, 0) lvl: 0
MM: (-1, 0) lvl: 0
MM: (-1, 0) lvl: 0
MM: (-1, 0) lvl: 0
MM: (-1, 0) lvl: 0
MM: (-1, 0) lvl: 2
MM: (-1, 0) lvl: 1
MM: (-1, 0) lvl: 0
MM: (-1, 0) lvl: 0
MM: (-1, 0) lvl: 1
MM: (-1, 0) lvl: 0
MM: (-1, 0) lvl: 1
MM: (-1, 0) lvl: 0
MM: (-1, 0) lvl: 0
MM: (-1, 0) lvl: 0
MM: (-1, 0) lvl: 0
MM: (-1, 0) lvl: 0
MM: (-1, 0) lvl: 0
MM: (-1, 0) lvl: 2
MM: (-1, 0) lvl: 1
MM: (-1, 0) lvl: 0
MM: (-1, 0) lvl: 1
MM: (-1, 0) lvl: 0
MM: (-1, 0) lvl: 1
MM: (-1, 0) lvl: 0
MM: (-1, 0) lvl: 1
MM: (-1, 0) lvl: 0
MM: (-1, 0) lvl: 1
MM: (-1, 0) lvl: 0
MM: (-1, 0) lvl: 1
MM: (-1, 0) lvl: 0
MM: (-1, 0) lvl: 1
MM: (-1, 0) lvl: 0
MM: (-1, 2147483647) lvl: 3
MM: (-1, 2147483647) lvl: 2
MM: (-1, 2147483647) lvl: 1
MM: (-1, 2147483647) lvl: 0
MM: (-1, 0) lvl: 0
MM: (-1, 0) lvl: 0
MM: (-1, 0) lvl: 0
MM: (-1, 0) lvl: 0
MM: (-1, 0) lvl: 0
MM: (0, 2147483647) lvl: 1
MM: (0, 2147483647) lvl: 0
MM: (0, 2) lvl: 0
MM: (0, 2) lvl: 0
MM: (0, 2) lvl: 0
MM: (0, 1) lvl: 0
MM: (0, 1) lvl: 0
MM: (1, 2147483647) lvl: 1
MM: (1, 2147483647) lvl: 0
MM: (1, 2147483647) lvl: 1
MM: (1, 2147483647) lvl: 0
MM: (1, 2147483647) lvl: 1
MM: (1, 2147483647) lvl: 0
MM: (1, 2) lvl: 0
MM: (1, 2147483647) lvl: 1
MM: (1, 2147483647) lvl: 0
MM: (1, 2147483647) lvl: 1
MM: (1, 2147483647) lvl: 0
MM: (1, 2) lvl: 0
MM: (-1, 1) lvl: 2
MM: (-1, 1) lvl: 1
MM: (-1, 1) lvl: 0
MM: (-1, 1) lvl: 0
MM: (-1, 1) lvl: 0
MM: (-1, 1) lvl: 0
MM: (-1, 1) lvl: 0
MM: (-1, 1) lvl: 0
MM: (-1, 1) lvl: 2
MM: (-1, 1) lvl: 1
MM: (-1, 1) lvl: 0
MM: (-1, 1) lvl: 0
MM: (-1, 1) lvl: 0
MM: (-1, 1) lvl: 0
MM: (-1, 1) lvl: 0
MM: (-1, 1) lvl: 0
MM: (-1, 1) lvl: 2
MM: (-1, 1) lvl: 1
MM: (-1, 1) lvl: 0
MM: (-1, 1) lvl: 0
MM: (-1, 1) lvl: 0
MM: (-1, 1) lvl: 0
MM: (-1, 1) lvl: 0
MM: (-1, 1) lvl: 0
MM: (-1, 1) lvl: 2
MM: (-1, 1) lvl: 1
MM: (-1, 1) lvl: 0
MM: (-1, 1) lvl: 0
MM: (-1, 1) lvl: 0
MM: (-1, 1) lvl: 0
MM: (-1, 1) lvl: 0
MM: (-1, 1) lvl: 0
MM: (-1, 1) lvl: 2
MM: (-1, 1) lvl: 1
MM: (-1, 1) lvl: 0
MM: (-1, 1) lvl: 0
MM: (-1, 1) lvl: 0
MM: (-1, 1) lvl: 0
MM: (-1, 1) lvl: 0
MM: (-1, 1) lvl: 0
MM: (-1, 1) lvl: 2
MM: (-1, 1) lvl: 1
MM: (-1, 1) lvl: 0
MM: (-1, 1) lvl: 0
MM: (-1, 1) lvl: 0
MM: (-1, 1) lvl: 0
MM: (-1, 1) lvl: 0
MM: (-1, 1) lvl: 0
MM: (-1, 1) lvl: 2
MM: (-1, 1) lvl: 1
MM: (-1, 1) lvl: 0
MM: (-1, 1) lvl: 0
MM: (-1, 1) lvl: 0
MM: (-1, 1) lvl: 0
MM: (-1, 1) lvl: 0
MM: (-1, 1) lvl: 0
MM: (1, 2147483647) lvl: 3
MM: (1, 2147483647) lvl: 2
MM: (1, 2147483647) lvl: 1
MM: (1, 2147483647) lvl: 0
MM: (1, 2147483647) lvl: 1
MM: (1, 2147483647) lvl: 0
MM: (1, 2147483647) lvl: 1
MM: (1, 2147483647) lvl: 0
MM: (1, 2147483647) lvl: 1
MM: (1, 2147483647) lvl: 0
MM: (1, 2147483647) lvl: 1
MM: (1, 2147483647) lvl: 0
MM: (1, 2147483647) lvl: 1
MM: (1, 2147483647) lvl: 0
MM: (1, 2147483647) lvl: 1
MM: (1, 2147483647) lvl: 0
MM: (1, 2147483647) lvl: 3
MM: (1, 2147483647) lvl: 2
MM: (1, 2147483647) lvl: 1
MM: (1, 2147483647) lvl: 0
MM: (1, 2147483647) lvl: 1
MM: (1, 2147483647) lvl: 0
MM: (1, 2147483647) lvl: 1
MM: (1, 2147483647) lvl: 0
MM: (1, 2147483647) lvl: 1
MM: (1, 2147483647) lvl: 0
MM: (1, 2) lvl: 0
MM: (1, 2147483647) lvl: 1
MM: (1, 2147483647) lvl: 0
MM: (1, 2147483647) lvl: 1
MM: (1, 2147483647) lvl: 0
MM: (1, 2147483647) lvl: 1
MM: (1, 2147483647) lvl: 0
MM: (1, 2147483647) lvl: 3
MM: (1, 2147483647) lvl: 2
MM: (1, 2147483647) lvl: 1
MM: (1, 2147483647) lvl: 0
MM: (1, 2147483647) lvl: 1
MM: (1, 2147483647) lvl: 0
MM: (1, 2147483647) lvl: 1
MM: (1, 2147483647) lvl: 0
MM: (1, 2147483647) lvl: 1
MM: (1, 2147483647) lvl: 0
MM: (1, 2147483647) lvl: 1
MM: (1, 2147483647) lvl: 0
MM: (1, 2147483647) lvl: 1
MM: (1, 2147483647) lvl: 0
MM: (1, 2147483647) lvl: 1
MM: (1, 2147483647) lvl: 0
MM: (1, 2147483647) lvl: 3
MM: (1, 2147483647) lvl: 2
MM: (1, 2147483647) lvl: 1
MM: (1, 2147483647) lvl: 0
MM: (1, 2147483647) lvl: 1
MM: (1, 2147483647) lvl: 0
MM: (1, 2147483647) lvl: 1
MM: (1, 2147483647) lvl: 0
MM: (1, 2147483647) lvl: 1
MM: (1, 2147483647) lvl: 0
MM: (1, 2) lvl: 0
MM: (1, 2147483647) lvl: 1
MM: (1, 2147483647) lvl: 0
MM: (1, 2147483647) lvl: 1
MM: (1, 2147483647) lvl: 0
MM: (1, 2147483647) lvl: 1
MM: (1, 2147483647) lvl: 0
Move: 2,2
  |   |  
---------
  | X |  
---------
  |   |  
MM: (-2147483648, 2147483647) lvl: 4
MM: (-2147483648, 2147483647) lvl: 3
MM: (-2147483648, 2147483647) lvl: 2
MM: (-2147483648, 2147483647) lvl: 1
MM: (-2147483648, 2147483647) lvl: 0
MM: (2, 2147483647) lvl: 0
MM: (2, 2147483647) lvl: 0
MM: (3, 2147483647) lvl: 0
MM: (1000000, 2147483647) lvl: 0
MM: (-2147483648, 1000000) lvl: 1
MM: (-2147483648, 1000000) lvl: 0
MM: (4, 1000000) lvl: 0
MM: (4, 1000000) lvl: 0
MM: (4, 1000000) lvl: 0
MM: (-2147483648, 1000000) lvl: 1
MM: (-2147483648, 1000000) lvl: 0
MM: (4, 1000000) lvl: 0
MM: (4, 1000000) lvl: 0
MM: (4, 1000000) lvl: 0
MM: (-2147483648, 1000000) lvl: 1
MM: (-2147483648, 1000000) lvl: 0
MM: (3, 1000000) lvl: 0
MM: (3, 1000000) lvl: 0
MM: (3, 1000000) lvl: 0
MM: (-2147483648, 1000000) lvl: 1
MM: (-2147483648, 1000000) lvl: 0
MM: (4, 1000000) lvl: 0
MM: (4, 1000000) lvl: 0
MM: (4, 1000000) lvl: 0
MM: (4, 1000000) lvl: 0
MM: (-2147483648, 4) lvl: 1
MM: (-2147483648, 4) lvl: 0
MM: (3, 4) lvl: 0
MM: (3, 4) lvl: 0
MM: (3, 4) lvl: 0
MM: (3, 4) lvl: 0
MM: (4, 2147483647) lvl: 2
MM: (4, 2147483647) lvl: 1
MM: (4, 2147483647) lvl: 0
MM: (4, 2147483647) lvl: 0
MM: (4, 2147483647) lvl: 0
MM: (1000000, 2147483647) lvl: 0
MM: (1000000, 2147483647) lvl: 0
MM: (4, 1000000) lvl: 1
MM: (4, 1000000) lvl: 0
MM: (4, 1000000) lvl: 0
MM: (4, 1000000) lvl: 0
MM: (4, 1000000) lvl: 1
MM: (4, 1000000) lvl: 0
MM: (4, 1000000) lvl: 0
MM: (4, 1000000) lvl: 0
MM: (4, 1000000) lvl: 1
MM: (4, 1000000) lvl: 0
MM: (4, 1000000) lvl: 0
MM: (4, 1000000) lvl: 0
MM: (4, 1000000) lvl: 0
MM: (4, 1000000) lvl: 0
MM: (4, 2147483647) lvl: 2
MM: (4, 2147483647) lvl: 1
MM: (4, 2147483647) lvl: 0
MM: (4, 2147483647) lvl: 0
MM: (1000000, 2147483647) lvl: 0
MM: (1000000, 2147483647) lvl: 0
MM: (1000000, 2147483647) lvl: 0
MM: (4, 1000000) lvl: 1
MM: (4, 1000000) lvl: 0
MM: (4, 1000000) lvl: 0
MM: (4, 1000000) lvl: 1
MM: (4, 1000000) lvl: 0
MM: (4, 1000000) lvl: 0
MM: (4, 1000000) lvl: 0
MM: (4, 1000000) lvl: 0
MM: (4, 1000000) lvl: 0
MM: (4, 2147483647) lvl: 2
MM: (4, 2147483647) lvl: 1
MM: (4, 2147483647) lvl: 0
MM: (4, 2147483647) lvl: 0
MM: (1000000, 2147483647) lvl: 0
MM: (1000000, 2147483647) lvl: 0
MM: (1000000, 2147483647) lvl: 0
MM: (4, 1000000) lvl: 1
MM: (4, 1000000) lvl: 0
MM: (4, 1000000) lvl: 0
MM: (4, 1000000) lvl: 1
MM: (4, 1000000) lvl: 0
MM: (4, 1000000) lvl: 0
MM: (4, 1000000) lvl: 0
MM: (4, 1000000) lvl: 0
MM: (4, 1000000) lvl: 0
MM: (4, 2147483647) lvl: 2
MM: (4, 2147483647) lvl: 1
MM: (4, 2147483647) lvl: 0
MM: (1000000, 2147483647) lvl: 0
MM: (1000000, 2147483647) lvl: 0
MM: (1000000, 2147483647) lvl: 0
MM: (1000000, 2147483647) lvl: 0
MM: (4, 1000000) lvl: 1
MM: (4, 1000000) lvl: 0
MM: (4, 1000000) lvl: 0
MM: (4, 1000000) lvl: 0
MM: (4, 1000000) lvl: 0
MM: (4, 1000000) lvl: 0
MM: (4, 2147483647) lvl: 2
MM: (4, 2147483647) lvl: 1
MM: (4, 2147483647) lvl: 0
MM: (4, 2147483647) lvl: 0
MM: (4, 2147483647) lvl: 0
MM: (4, 2147483647) lvl: 0
MM: (4, 2147483647) lvl: 0
MM: (4, 2147483647) lvl: 2
MM: (4, 2147483647) lvl: 1
MM: (4, 2147483647) lvl: 0
MM: (5, 2147483647) lvl: 0
MM: (5, 2147483647) lvl: 0
MM: (5, 2147483647) lvl: 0
MM: (5, 2147483647) lvl: 0
MM: (4, 5) lvl: 1
MM: (4, 5) lvl: 0
MM: (4, 5) lvl: 0
MM: (4, 5) lvl: 0
MM: (4, 5) lvl: 0
MM: (4, 5) lvl: 0
MM: (-2147483648, 4) lvl: 3
MM: (-2147483648, 4) lvl: 2
MM: (-2147483648, 4) lvl: 1
MM: (-2147483648, 4) lvl: 0
MM: (-2147483648, 4) lvl: 1
MM: (-2147483648, 4) lvl: 0
MM: (-2147483648, 4) lvl: 1
MM: (-2147483648, 4) lvl: 0
MM: (-2147483648, 4) lvl: 1
MM: (-2147483648, 4) lvl: 0
MM: (-2147483648, 4) lvl: 1
MM: (-2147483648, 4) lvl: 0
MM: (-2147483648, 4) lvl: 1
MM: (-2147483648, 4) lvl: 0
MM: (-2147483648, 4) lvl: 3
MM: (-2147483648, 4) lvl: 2
MM: (-2147483648, 4) lvl: 1
MM: (-2147483648, 4) lvl: 0
MM: (-2147483648, 4) lvl: 1
MM: (-2147483648, 4) lvl: 0
MM: (-2147483648, 4) lvl: 1
MM: (-2147483648, 4) lvl: 0
MM: (-2147483648, 4) lvl: 1
MM: (-2147483648, 4) lvl: 0
MM: (3, 4) lvl: 0
MM: (3, 4) lvl: 0
MM: (3, 4) lvl: 0
MM: (3, 4) lvl: 0
MM: (-2147483648, 4) lvl: 1
MM: (-2147483648, 4) lvl: 0
MM: (-2147483648, 4) lvl: 1
MM: (-2147483648, 4) lvl: 0
MM: (3, 4) lvl: 0
MM: (3, 4) lvl: 0
MM: (3, 4) lvl: 0
MM: (-2147483648, 4) lvl: 3
MM: (-2147483648, 4) lvl: 2
MM: (-2147483648, 4) lvl: 1
MM: (-2147483648, 4) lvl: 0
MM: (-2147483648, 4) lvl: 1
MM: (-2147483648, 4) lvl: 0
MM: (-2147483648, 4) lvl: 1
MM: (-2147483648, 4) lvl: 0
MM: (-2147483648, 4) lvl: 1
MM: (-2147483648, 4) lvl: 0
MM: (-2147483648, 4) lvl: 1
MM: (-2147483648, 4) lvl: 0
MM: (-2147483648, 4) lvl: 1
MM: (-2147483648, 4) lvl: 0
MM: (-2147483648, 4) lvl: 3
MM: (-2147483648, 4) lvl: 2
MM: (-2147483648, 4) lvl: 1
MM: (-2147483648, 4) lvl: 0
MM: (-2147483648, 4) lvl: 1
MM: (-2147483648, 4) lvl: 0
MM: (-2147483648, 4) lvl: 1
MM: (-2147483648, 4) lvl: 0
MM: (-2147483648, 4) lvl: 1
MM: (-2147483648, 4) lvl: 0
MM: (-2147483648, 4) lvl: 1
MM: (-2147483648, 4) lvl: 0
MM: (-2147483648, 4) lvl: 1
MM: (-2147483648, 4) lvl: 0
MM: (-2147483648, 4) lvl: 3
MM: (-2147483648, 4) lvl: 2
MM: (-2147483648, 4) lvl: 1
MM: (-2147483648, 4) lvl: 0
MM: (-2147483648, 4) lvl: 1
MM: (-2147483648, 4) lvl: 0
MM: (3, 4) lvl: 0
MM: (3, 4) lvl: 0
MM: (3, 4) lvl: 0
MM: (3, 4) lvl: 0
MM: (-2147483648, 4) lvl: 1
MM: (-2147483648, 4) lvl: 0
MM: (-2147483648, 4) lvl: 1
MM: (-2147483648, 4) lvl: 0
MM: (-2147483648, 4) lvl: 1
MM: (-2147483648, 4) lvl: 0
MM: (-2147483648, 4) lvl: 1
MM: (-2147483648, 4) lvl: 0
MM: (3, 4) lvl: 0
MM: (-2147483648, 4) lvl: 3
MM: (-2147483648, 4) lvl: 2
MM: (-2147483648, 4) lvl: 1
MM: (-2147483648, 4) lvl: 0
MM: (-2147483648, 4) lvl: 1
MM: (-2147483648, 4) lvl: 0
MM: (-2147483648, 4) lvl: 1
MM: (-2147483648, 4) lvl: 0
MM: (-2147483648, 4) lvl: 1
MM: (-2147483648, 4) lvl: 0
MM: (-2147483648, 4) lvl: 1
MM: (-2147483648, 4) lvl: 0
MM: (-2147483648, 4) lvl: 1
MM: (-2147483648, 4) lvl: 0
MM: (-2147483648, 4) lvl: 3
MM: (-2147483648, 4) lvl: 2
MM: (-2147483648, 4) lvl: 1
MM: (-2147483648, 4) lvl: 0
MM: (-2147483648, 4) lvl: 1
MM: (-2147483648, 4) lvl: 0
MM: (3, 4) lvl: 0
MM: (3, 4) lvl: 0
MM: (3, 4) lvl: 0
MM: (-2147483648, 4) lvl: 1
MM: (-2147483648, 4) lvl: 0
MM: (-2147483648, 4) lvl: 1
MM: (-2147483648, 4) lvl: 0
MM: (-2147483648, 4) lvl: 1
MM: (-2147483648, 4) lvl: 0
MM: (3, 4) lvl: 0
MM: (-2147483648, 4) lvl: 1
MM: (-2147483648, 4) lvl: 0
Move: 1,1
O |   |  
---------
  | X |  
---------
  |   |  
MM: (-2147483648, 2147483647) lvl: 4
MM: (-2147483648, 2147483647) lvl: 3
MM: (-2147483648, 2147483647) lvl: 2
MM: (-2147483648, 2147483647) lvl: 1
MM: (-2147483648, 2147483647) lvl: 0
MM: (-2147483648, 0) lvl: 0
MM: (-2147483648, -1) lvl: 0
MM: (-2147483648, -1) lvl: 0
MM: (-1, 2147483647) lvl: 1
MM: (-1, 2147483647) lvl: 0
MM: (-1, 0) lvl: 0
MM: (-1, 2147483647) lvl: 1
MM: (-1, 2147483647) lvl: 0
MM: (-1, 1) lvl: 0
MM: (-1, 1) lvl: 0
MM: (-1, 1) lvl: 0
MM: (0, 2147483647) lvl: 1
MM: (0, 2147483647) lvl: 0
MM: (0, 1000000) lvl: 0
MM: (0, 1000000) lvl: 0
MM: (0, 1000000) lvl: 0
MM: (1000000, 2147483647) lvl: 1
MM: (1000000, 2147483647) lvl: 0
MM: (-2147483648, 1000000) lvl: 2
MM: (-2147483648, 1000000) lvl: 1
MM: (-2147483648, 1000000) lvl: 0
MM: (-2147483648, 2) lvl: 0
MM: (-2147483648, -1000000) lvl: 0
MM: (-2147483648, -1000000) lvl: 0
MM: (-1000000, 1000000) lvl: 1
MM: (-1000000, 1000000) lvl: 0
MM: (-1000000, 0) lvl: 0
MM: (-1000000, 1000000) lvl: 1
MM: (-1000000, 1000000) lvl: 0
MM: (-1000000, 1) lvl: 0
MM: (-1000000, 1) lvl: 0
MM: (-1000000, 1) lvl: 0
MM: (1, 1000000) lvl: 1
MM: (1, 1000000) lvl: 0
MM: (1, 1000000) lvl: 0
MM: (1, 1000000) lvl: 0
MM: (1, 1000000) lvl: 1
MM: (1, 1000000) lvl: 0
MM: (-2147483648, 1) lvl: 2
MM: (-2147483648, 1) lvl: 1
MM: (-2147483648, 1) lvl: 0
MM: (-2147483648, 1) lvl: 0
MM: (-2147483648, 1) lvl: 0
MM: (-2147483648, 1) lvl: 0
MM: (-2147483648, 1) lvl: 2
MM: (-2147483648, 1) lvl: 1
MM: (-2147483648, 1) lvl: 0
MM: (-2147483648, -1000000) lvl: 0
MM: (-2147483648, -1000000) lvl: 0
MM: (-2147483648, -1000000) lvl: 0
MM: (-1000000, 1) lvl: 1
MM: (-1000000, 1) lvl: 0
MM: (-1000000, -1) lvl: 0
MM: (-1000000, -1) lvl: 0
MM: (-1000000, -1) lvl: 0
MM: (-1, 1) lvl: 1
MM: (-1, 1) lvl: 0
MM: (-1, 1) lvl: 1
MM: (-1, 1) lvl: 0
MM: (-1, 1) lvl: 0
MM: (-1, 1) lvl: 1
MM: (-1, 1) lvl: 0
MM: (-1, 0) lvl: 0
MM: (-2147483648, -1) lvl: 2
MM: (-2147483648, -1) lvl: 1
MM: (-2147483648, -1) lvl: 0
MM: (-2147483648, -1) lvl: 0
MM: (-2147483648, -1) lvl: 0
MM: (-2147483648, -1) lvl: 0
MM: (-2147483648, -1) lvl: 2
MM: (-2147483648, -1) lvl: 1
MM: (-2147483648, -1) lvl: 0
MM: (-2147483648, -1) lvl: 0
MM: (-2147483648, -1) lvl: 0
MM: (-2147483648, -1) lvl: 0
MM: (-1, 2147483647) lvl: 3
MM: (-1, 2147483647) lvl: 2
MM: (-1, 2147483647) lvl: 1
MM: (-1, 2147483647) lvl: 0
MM: (-1, 2) lvl: 0
MM: (-1, 1) lvl: 0
MM: (-1, 1) lvl: 0
MM: (1, 2147483647) lvl: 1
MM: (1, 2147483647) lvl: 0
MM: (1, 2) lvl: 0
MM: (1, 2147483647) lvl: 1
MM: (1, 2147483647) lvl: 0
MM: (1, 1000000) lvl: 0
MM: (1, 1000000) lvl: 0
MM: (1, 1000000) lvl: 0
MM: (1000000, 2147483647) lvl: 1
MM: (1000000, 2147483647) lvl: 0
MM: (1000000, 2147483647) lvl: 1
MM: (1000000, 2147483647) lvl: 0
MM: (-1, 1000000) lvl: 2
MM: (-1, 1000000) lvl: 1
MM: (-1, 1000000) lvl: 0
MM: (-1, 2) lvl: 0
MM: (-1, 1000000) lvl: 1
MM: (-1, 1000000) lvl: 0
MM: (-1, 2) lvl: 0
MM: (-1, 1000000) lvl: 1
MM: (-1, 1000000) lvl: 0
MM: (-1, 1000000) lvl: 0
MM: (-1, 1000000) lvl: 0
MM: (-1, 1000000) lvl: 0
MM: (-1, 1000000) lvl: 2
MM: (-1, 1000000) lvl: 1
MM: (-1, 1000000) lvl: 0
MM: (-1, 2) lvl: 0
MM: (-1, 1) lvl: 0
MM: (-1, 1) lvl: 0
MM: (1, 1000000) lvl: 1
MM: (1, 1000000) lvl: 0
MM: (1, 2) lvl: 0
MM: (1, 1000000) lvl: 1
MM: (1, 1000000) lvl: 0
MM: (1, 1000000) lvl: 0
MM: (1, 1000000) lvl: 0
MM: (1, 1000000) lvl: 0
MM: (-1, 1000000) lvl: 2
MM: (-1, 1000000) lvl: 1
MM: (-1, 1000000) lvl: 0
MM: (-1, 1000000) lvl: 1
MM: (-1, 1000000) lvl: 0
MM: (-1, 1) lvl: 0
MM: (-1, 1) lvl: 0
MM: (-1, 1) lvl: 0
MM: (0, 1000000) lvl: 1
MM: (0, 1000000) lvl: 0
MM: (0, 1) lvl: 0
MM: (0, 1000000) lvl: 1
MM: (0, 1000000) lvl: 0
MM: (0, 1) lvl: 0
MM: (0, 1000000) lvl: 1
MM: (0, 1000000) lvl: 0
MM: (0, 2) lvl: 0
MM: (-1, 0) lvl: 2
MM: (-1, 0) lvl: 1
MM: (-1, 0) lvl: 0
MM: (-1, 0) lvl: 0
MM: (-1, 0) lvl: 0
MM: (-1, 0) lvl: 0
MM: (-1, 0) lvl: 2
MM: (-1, 0) lvl: 1
MM: (-1, 0) lvl: 0
MM: (-1, 0) lvl: 0
MM: (-1, 0) lvl: 0
MM: (-1, 0) lvl: 0
MM: (0, 2147483647) lvl: 3
MM: (0, 2147483647) lvl: 2
MM: (0, 2147483647) lvl: 1
MM: (0, 2147483647) lvl: 0
MM: (0, 2) lvl: 0
MM: (0, 1) lvl: 0
MM: (0, 1) lvl: 0
MM: (1, 2147483647) lvl: 1
MM: (1, 2147483647) lvl: 0
MM: (1, 2147483647) lvl: 1
MM: (1, 2147483647) lvl: 0
MM: (1, 2147483647) lvl: 1
MM: (1, 2147483647) lvl: 0
MM: (1, 2147483647) lvl: 1
MM: (1, 2147483647) lvl: 0
MM: (0, 1) lvl: 2
MM: (0, 1) lvl: 1
MM: (0, 1) lvl: 0
MM: (0, 1) lvl: 1
MM: (0, 1) lvl: 0
MM: (0, 1) lvl: 1
MM: (0, 1) lvl: 0
MM: (0, 1) lvl: 1
MM: (0, 1) lvl: 0
MM: (0, 1) lvl: 1
MM: (0, 1) lvl: 0
MM: (0, 2147483647) lvl: 3
MM: (0, 2147483647) lvl: 2
MM: (0, 2147483647) lvl: 1
MM: (0, 2147483647) lvl: 0
MM: (0, 2) lvl: 0
MM: (0, 1) lvl: 0
MM: (0, 1) lvl: 0
MM: (1, 2147483647) lvl: 1
MM: (1, 2147483647) lvl: 0
MM: (1, 2147483647) lvl: 1
MM: (1, 2147483647) lvl: 0
MM: (1, 2147483647) lvl: 1
MM: (1, 2147483647) lvl: 0
MM: (1, 2147483647) lvl: 1
MM: (1, 2147483647) lvl: 0
MM: (0, 1) lvl: 2
MM: (0, 1) lvl: 1
MM: (0, 1) lvl: 0
MM: (0, 1) lvl: 1
MM: (0, 1) lvl: 0
MM: (0, 1) lvl: 1
MM: (0, 1) lvl: 0
MM: (0, 1) lvl: 1
MM: (0, 1) lvl: 0
MM: (0, 1) lvl: 1
MM: (0, 1) lvl: 0
MM: (0, 2147483647) lvl: 3
MM: (0, 2147483647) lvl: 2
MM: (0, 2147483647) lvl: 1
MM: (0, 2147483647) lvl: 0
MM: (0, 1000000) lvl: 0
MM: (0, 1000000) lvl: 0
MM: (0, 1000000) lvl: 0
MM: (1000000, 2147483647) lvl: 1
MM: (1000000, 2147483647) lvl: 0
MM: (1000000, 2147483647) lvl: 1
MM: (1000000, 2147483647) lvl: 0
MM: (1000000, 2147483647) lvl: 1
MM: (1000000, 2147483647) lvl: 0
MM: (1000000, 2147483647) lvl: 1
MM: (1000000, 2147483647) lvl: 0
MM: (0, 1000000) lvl: 2
MM: (0, 1000000) lvl: 1
MM: (0, 1000000) lvl: 0
MM: (0, 1) lvl: 0
MM: (0, 1) lvl: 0
MM: (0, 1) lvl: 0
MM: (0, 1000000) lvl: 1
MM: (0, 1000000) lvl: 0
MM: (0, 1000000) lvl: 1
MM: (0, 1000000) lvl: 0
MM: (0, 1000000) lvl: 1
MM: (0, 1000000) lvl: 0
MM: (0, 1000000) lvl: 1
MM: (0, 1000000) lvl: 0
MM: (0, 2147483647) lvl: 3
MM: (0, 2147483647) lvl: 2
MM: (0, 2147483647) lvl: 1
MM: (0, 2147483647) lvl: 0
MM: (0, 2) lvl: 0
MM: (0, 2) lvl: 0
MM: (0, 1) lvl: 0
MM: (1, 2147483647) lvl: 1
MM: (1, 2147483647) lvl: 0
MM: (1, 2147483647) lvl: 1
MM: (1, 2147483647) lvl: 0
MM: (1, 2147483647) lvl: 1
MM: (1, 2147483647) lvl: 0
MM: (1, 2147483647) lvl: 1
MM: (1, 2147483647) lvl: 0
MM: (0, 1) lvl: 2
MM: (0, 1) lvl: 1
MM: (0, 1) lvl: 0
MM: (0, 1) lvl: 0
MM: (0, 1) lvl: 0
MM: (0, 1) lvl: 0
MM: (0, 1) lvl: 2
MM: (0, 1) lvl: 1
MM: (0, 1) lvl: 0
MM: (0, 1) lvl: 0
MM: (0, 1) lvl: 0
MM: (0, 1) lvl: 1
MM: (0, 1) lvl: 0
MM: (0, 1) lvl: 0
MM: (0, 1) lvl: 0
MM: (0, 1) lvl: 1
MM: (0, 1) lvl: 0
MM: (0, 1) lvl: 0
MM: (0, 1) lvl: 1
MM: (0, 1) lvl: 0
MM: (0, 1) lvl: 0
MM: (0, 1) lvl: 0
MM: (0, 1) lvl: 0
MM: (0, 1) lvl: 2
MM: (0, 1) lvl: 1
MM: (0, 1) lvl: 0
MM: (0, 1) lvl: 0
MM: (0, 1) lvl: 0
MM: (0, 1) lvl: 0
MM: (0, 1) lvl: 2
MM: (0, 1) lvl: 1
MM: (0, 1) lvl: 0
MM: (0, 1) lvl: 0
MM: (0, 1) lvl: 1
MM: (0, 1) lvl: 0
MM: (0, 1) lvl: 0
MM: (0, 1) lvl: 1
MM: (0, 1) lvl: 0
MM: (0, 1) lvl: 1
MM: (0, 1) lvl: 0
MM: (0, 1) lvl: 1
MM: (0, 1) lvl: 0
MM: (0, 1) lvl: 0
MM: (0, 2147483647) lvl: 3
MM: (0, 2147483647) lvl: 2
MM: (0, 2147483647) lvl: 1
MM: (0, 2147483647) lvl: 0
MM: (0, 3) lvl: 0
MM: (0, 3) lvl: 0
MM: (0, 2) lvl: 0
MM: (2, 2147483647) lvl: 1
MM: (2, 2147483647) lvl: 0
MM: (2, 2147483647) lvl: 1
MM: (2, 2147483647) lvl: 0
MM: (2, 2147483647) lvl: 1
MM: (2, 2147483647) lvl: 0
MM: (2, 2147483647) lvl: 1
MM: (2, 2147483647) lvl: 0
MM: (0, 2) lvl: 2
MM: (0, 2) lvl: 1
MM: (0, 2) lvl: 0
MM: (0, 1) lvl: 0
MM: (0, 1) lvl: 0
MM: (0, 2) lvl: 1
MM: (0, 2) lvl: 0
MM: (0, 2) lvl: 1
MM: (0, 2) lvl: 0
MM: (0, 2) lvl: 1
MM: (0, 2) lvl: 0
MM: (0, 2) lvl: 1
MM: (0, 2) lvl: 0
Move: 1,3
O |   | X
---------
  | X |  
---------
  |   |  
