MM (-2147483648, 2147483647) lvl 4
MM (-2147483648, 2147483647) lvl 3
MM (-2147483648, 2147483647) lvl 2
MM (-2147483648, 2147483647) lvl 1
MM (-2147483648, 2147483647) lvl 0
MM (-2147483648, 0) lvl 0
MM (-2147483648, -1) lvl 0
MM (-2147483648, -1) lvl 0
MM (-2147483648, -1) lvl 0
MM (-2147483648, -1) lvl 0
MM (-1, 2147483647) lvl 1
MM (-1, 2147483647) lvl 0
MM (-1, 1) lvl 0
MM (-1, 0) lvl 0
MM (-1, 0) lvl 0
MM (-1, 0) lvl 0
MM (-1, 0) lvl 0
MM (0, 2147483647) lvl 1
MM (0, 2147483647) lvl 0
MM (0, 1) lvl 0
MM (0, 1) lvl 0
MM (0, 1) lvl 0
MM (0, 1) lvl 0
MM (0, 1) lvl 0
MM (0, 2147483647) lvl 1
MM (0, 2147483647) lvl 0
MM (0, 2147483647) lvl 1
MM (0, 2147483647) lvl 0
MM (0, 1) lvl 0
MM (0, 2147483647) lvl 1
MM (0, 2147483647) lvl 0
MM (0, 2147483647) lvl 1
MM (0, 2147483647) lvl 0
MM (0, 1) lvl 0
MM (0, 1) lvl 0
MM (-2147483648, 0) lvl 2
MM (-2147483648, 0) lvl 1
MM (-2147483648, 0) lvl 0
MM (-2147483648, 0) lvl 0
MM (-2147483648, -1) lvl 0
MM (-2147483648, -1) lvl 0
MM (-2147483648, -1) lvl 0
MM (-2147483648, -1) lvl 0
MM (-1, 0) lvl 1
MM (-1, 0) lvl 0
MM (-1, 0) lvl 0
MM (-1, 0) lvl 0
MM (-1, 0) lvl 0
MM (-1, 0) lvl 1
MM (-1, 0) lvl 0
MM (-1, 0) lvl 0
MM (-1, 0) lvl 0
MM (-1, 0) lvl 0
MM (-1, 0) lvl 0
MM (-1, 0) lvl 0
MM (-1, 0) lvl 1
MM (-1, 0) lvl 0
MM (-1, 0) lvl 0
MM (-1, 0) lvl 0
MM (-1, 0) lvl 1
MM (-1, 0) lvl 0
MM (-1, 0) lvl 0
MM (-1, 0) lvl 0
MM (-1, 0) lvl 0
MM (-1, 0) lvl 0
MM (-1, 0) lvl 0
MM (-2147483648, 0) lvl 2
MM (-2147483648, 0) lvl 1
MM (-2147483648, 0) lvl 0
MM (-2147483648, 0) lvl 0
MM (-2147483648, 0) lvl 0
MM (-2147483648, 0) lvl 0
MM (-2147483648, 0) lvl 0
MM (-2147483648, 0) lvl 0
MM (-2147483648, 0) lvl 2
MM (-2147483648, 0) lvl 1
MM (-2147483648, 0) lvl 0
MM (-2147483648, -1) lvl 0
MM (-2147483648, -1) lvl 0
MM (-2147483648, -1) lvl 0
MM (-2147483648, -1) lvl 0
MM (-2147483648, -1) lvl 0
MM (-1, 0) lvl 1
MM (-1, 0) lvl 0
MM (-1, 0) lvl 1
MM (-1, 0) lvl 0
MM (-1, 0) lvl 0
MM (-1, 0) lvl 0
MM (-1, 0) lvl 0
MM (-1, 0) lvl 1
MM (-1, 0) lvl 0
MM (-1, 0) lvl 1
MM (-1, 0) lvl 0
MM (-1, 0) lvl 0
MM (-1, 0) lvl 0
MM (-1, 0) lvl 1
MM (-1, 0) lvl 0
MM (-1, 0) lvl 0
MM (-1, 0) lvl 1
MM (-1, 0) lvl 0
MM (-2147483648, -1) lvl 2
MM (-2147483648, -1) lvl 1
MM (-2147483648, -1) lvl 0
MM (-2147483648, -1) lvl 0
MM (-2147483648, -1) lvl 0
MM (-2147483648, -1) lvl 0
MM (-2147483648, -1) lvl 0
MM (-2147483648, -1) lvl 0
MM (-2147483648, -1) lvl 2
MM (-2147483648, -1) lvl 1
MM (-2147483648, -1) lvl 0
MM (-2147483648, -1) lvl 0
MM (-2147483648, -1) lvl 0
MM (-2147483648, -1) lvl 0
MM (-2147483648, -1) lvl 0
MM (-2147483648, -1) lvl 0
MM (-2147483648, -1) lvl 2
MM (-2147483648, -1) lvl 1
MM (-2147483648, -1) lvl 0
MM (-2147483648, -1) lvl 0
MM (-2147483648, -1) lvl 0
MM (-2147483648, -1) lvl 0
MM (-2147483648, -1) lvl 0
MM (-2147483648, -1) lvl 0
MM (-2147483648, -1) lvl 2
MM (-2147483648, -1) lvl 1
MM (-2147483648, -1) lvl 0
MM (-2147483648, -1) lvl 0
MM (-2147483648, -1) lvl 0
MM (-2147483648, -1) lvl 0
MM (-2147483648, -1) lvl 0
MM (-2147483648, -1) lvl 0
MM (-1, 2147483647) lvl 3
MM (-1, 2147483647) lvl 2
MM (-1, 2147483647) lvl 1
MM (-1, 2147483647) lvl 0
MM (-1, 2147483647) lvl 1
MM (-1, 2147483647) lvl 0
MM (-1, 0) lvl 0
MM (-1, 2147483647) lvl 1
MM (-1, 2147483647) lvl 0
MM (-1, 1) lvl 0
MM (-1, 0) lvl 0
MM (-1, 0) lvl 0
MM (-1, 0) lvl 0
MM (-1, 0) lvl 0
MM (0, 2147483647) lvl 1
MM (0, 2147483647) lvl 0
MM (0, 2147483647) lvl 1
MM (0, 2147483647) lvl 0
MM (0, 2147483647) lvl 1
MM (0, 2147483647) lvl 0
MM (0, 1) lvl 0
MM (0, 2147483647) lvl 1
MM (0, 2147483647) lvl 0
MM (-1, 0) lvl 2
MM (-1, 0) lvl 1
MM (-1, 0) lvl 0
MM (-1, 0) lvl 0
MM (-1, 0) lvl 1
MM (-1, 0) lvl 0
MM (-1, 0) lvl 0
MM (-1, 0) lvl 1
MM (-1, 0) lvl 0
MM (-1, 0) lvl 0
MM (-1, 0) lvl 0
MM (-1, 0) lvl 0
MM (-1, 0) lvl 0
MM (-1, 0) lvl 0
MM (-1, 0) lvl 2
MM (-1, 0) lvl 1
MM (-1, 0) lvl 0
MM (-1, 0) lvl 0
MM (-1, 0) lvl 0
MM (-1, 0) lvl 0
MM (-1, 0) lvl 0
MM (-1, 0) lvl 0
MM (-1, 0) lvl 2
MM (-1, 0) lvl 1
MM (-1, 0) lvl 0
MM (-1, 0) lvl 1
MM (-1, 0) lvl 0
MM (-1, 0) lvl 1
MM (-1, 0) lvl 0
MM (-1, 0) lvl 1
MM (-1, 0) lvl 0
MM (-1, 0) lvl 1
MM (-1, 0) lvl 0
MM (-1, 0) lvl 1
MM (-1, 0) lvl 0
MM (-1, 0) lvl 1
MM (-1, 0) lvl 0
MM (-1, 0) lvl 0
MM (-1, 2147483647) lvl 3
MM (-1, 2147483647) lvl 2
MM (-1, 2147483647) lvl 1
MM (-1, 2147483647) lvl 0
MM (-1, 2147483647) lvl 1
MM (-1, 2147483647) lvl 0
MM (-1, 0) lvl 0
MM (-1, 2147483647) lvl 1
MM (-1, 2147483647) lvl 0
MM (-1, 1) lvl 0
MM (-1, 0) lvl 0
MM (-1, 0) lvl 0
MM (-1, 2147483647) lvl 1
MM (-1, 2147483647) lvl 0
MM (-1, 1) lvl 0
MM (-1, 0) lvl 0
MM (-1, 0) lvl 0
MM (-1, 0) lvl 0
MM (-1, 0) lvl 0
MM (-1, 2147483647) lvl 1
MM (-1, 2147483647) lvl 0
MM (-1, 1) lvl 0
MM (-1, 1) lvl 0
MM (-1, 2147483647) lvl 1
MM (-1, 2147483647) lvl 0
MM (-1, 0) lvl 0
MM (-1, 2147483647) lvl 1
MM (-1, 2147483647) lvl 0
MM (-1, 1) lvl 0
MM (-1, 0) lvl 0
MM (-1, 0) lvl 0
MM (-1, 0) lvl 0
MM (-1, 0) lvl 0
MM (-1, 0) lvl 2
MM (-1, 0) lvl 1
MM (-1, 0) lvl 0
MM (-1, 0) lvl 0
MM (-1, 0) lvl 1
MM (-1, 0) lvl 0
MM (-1, 0) lvl 0
MM (-1, 0) lvl 1
MM (-1, 0) lvl 0
MM (-1, 0) lvl 0
MM (-1, 0) lvl 0
MM (-1, 0) lvl 0
MM (-1, 0) lvl 0
MM (-1, 0) lvl 0
MM (-1, 0) lvl 2
MM (-1, 0) lvl 1
MM (-1, 0) lvl 0
MM (-1, 0) lvl 0
MM (-1, 0) lvl 0
MM (-1, 0) lvl 0
MM (-1, 0) lvl 0
MM (-1, 0) lvl 0
MM (-1, 0) lvl 2
MM (-1, 0) lvl 1
MM (-1, 0) lvl 0
MM (-1, 0) lvl 1
MM (-1, 0) lvl 0
MM (-1, 0) lvl 1
MM (-1, 0) lvl 0
MM (-1, 0) lvl 1
MM (-1, 0) lvl 0
MM (-1, 0) lvl 0
MM (-1, 0) lvl 0
MM (-1, 0) lvl 0
MM (-1, 0) lvl 0
MM (-1, 0) lvl 0
MM (-1, 0) lvl 1
MM (-1, 0) lvl 0
MM (-1, 0) lvl 1
MM (-1, 0) lvl 0
MM (-1, 0) lvl 1
MM (-1, 0) lvl 0
MM (-1, 0) lvl 0
MM (-1, 0) lvl 0
MM (-1, 0) lvl 0
MM (-1, 2147483647) lvl 3
MM (-1, 2147483647) lvl 2
MM (-1, 2147483647) lvl 1
MM (-1, 2147483647) lvl 0
MM (-1, 0) lvl 0
MM (-1, 2147483647) lvl 1
MM (-1, 2147483647) lvl 0
MM (-1, 0) lvl 0
MM (-1, 2147483647) lvl 1
MM (-1, 2147483647) lvl 0
MM (-1, 0) lvl 0
MM (-1, 0) lvl 0
MM (-1, 0) lvl 0
MM (-1, 0) lvl 0
MM (-1, 0) lvl 0
MM (0, 2147483647) lvl 1
MM (0, 2147483647) lvl 0
MM (0, 2147483647) lvl 1
MM (0, 2147483647) lvl 0
MM (0, 2147483647) lvl 1
MM (0, 2147483647) lvl 0
MM (0, 2147483647) lvl 1
MM (0, 2147483647) lvl 0
MM (-1, 0) lvl 2
MM (-1, 0) lvl 1
MM (-1, 0) lvl 0
MM (-1, 0) lvl 0
MM (-1, 0) lvl 0
MM (-1, 0) lvl 0
MM (-1, 0) lvl 0
MM (-1, 0) lvl 0
MM (-1, 0) lvl 2
MM (-1, 0) lvl 1
MM (-1, 0) lvl 0
MM (-1, 0) lvl 0
MM (-1, 0) lvl 0
MM (-1, 0) lvl 0
MM (-1, 0) lvl 1
MM (-1, 0) lvl 0
MM (-1, 0) lvl 0
MM (-1, 0) lvl 1
MM (-1, 0) lvl 0
MM (-1, 0) lvl 0
MM (-1, 0) lvl 0
MM (-1, 0) lvl 1
MM (-1, 0) lvl 0
MM (-1, 0) lvl 0
MM (-1, 0) lvl 0
MM (-1, 0) lvl 1
MM (-1, 0) lvl 0
MM (-1, 0) lvl 1
MM (-1, 0) lvl 0
MM (-1, 0) lvl 1
MM (-1, 0) lvl 0
MM (-1, 2147483647) lvl 3
MM (-1, 2147483647) lvl 2
MM (-1, 2147483647) lvl 1
MM (-1, 2147483647) lvl 0
MM (-1, 1) lvl 0
MM (-1, 0) lvl 0
MM (-1, 0) lvl 0
MM (-1, 0) lvl 0
MM (-1, 0) lvl 0
MM (0, 2147483647) lvl 1
MM (0, 2147483647) lvl 0
MM (0, 1) lvl 0
MM (0, 2147483647) lvl 1
MM (0, 2147483647) lvl 0
MM (0, 2147483647) lvl 1
MM (0, 2147483647) lvl 0
MM (0, 2147483647) lvl 1
MM (0, 2147483647) lvl 0
MM (0, 2147483647) lvl 1
MM (0, 2147483647) lvl 0
MM (0, 2147483647) lvl 1
MM (0, 2147483647) lvl 0
MM (-1, 0) lvl 2
MM (-1, 0) lvl 1
MM (-1, 0) lvl 0
MM (-1, 0) lvl 0
MM (-1, 0) lvl 0
MM (-1, 0) lvl 0
MM (-1, 0) lvl 0
MM (-1, 0) lvl 0
MM (-1, 0) lvl 2
MM (-1, 0) lvl 1
MM (-1, 0) lvl 0
MM (-1, 0) lvl 0
MM (-1, 0) lvl 0
MM (-1, 0) lvl 0
MM (-1, 0) lvl 0
MM (-1, 0) lvl 0
MM (-1, 0) lvl 1
MM (-1, 0) lvl 0
MM (-1, 0) lvl 0
MM (-1, 0) lvl 0
MM (-1, 0) lvl 0
MM (-1, 0) lvl 0
MM (-1, 0) lvl 0
MM (-1, 0) lvl 2
MM (-1, 0) lvl 1
MM (-1, 0) lvl 0
MM (-1, 0) lvl 0
MM (-1, 0) lvl 0
MM (-1, 0) lvl 0
MM (-1, 0) lvl 0
MM (-1, 0) lvl 0
MM (-1, 0) lvl 2
MM (-1, 0) lvl 1
MM (-1, 0) lvl 0
MM (-1, 0) lvl 0
MM (-1, 0) lvl 0
MM (-1, 0) lvl 0
MM (-1, 0) lvl 0
MM (-1, 0) lvl 0
MM (-1, 0) lvl 1
MM (-1, 0) lvl 0
MM (-1, 0) lvl 0
MM (-1, 0) lvl 0
MM (-1, 0) lvl 0
MM (-1, 0) lvl 0
MM (-1, 0) lvl 0
MM (-1, 0) lvl 2
MM (-1, 0) lvl 1
MM (-1, 0) lvl 0
MM (-1, 0) lvl 0
MM (-1, 0) lvl 0
MM (-1, 0) lvl 0
MM (-1, 0) lvl 0
MM (-1, 0) lvl 0
MM (-1, 0) lvl 1
MM (-1, 0) lvl 0
MM (-1, 0) lvl 0
MM (-1, 0) lvl 0
MM (-1, 0) lvl 0
MM (-1, 0) lvl 0
MM (-1, 0) lvl 1
MM (-1, 0) lvl 0
MM (-1, 0) lvl 1
MM (-1, 0) lvl 0
MM (-1, 0) lvl 0
MM (-1, 0) lvl 0
MM (-1, 0) lvl 0
MM (-1, 0) lvl 0
MM (-1, 0) lvl 0
MM (-1, 0) lvl 2
MM (-1, 0) lvl 1
MM (-1, 0) lvl 0
MM (-1, 0) lvl 0
MM (-1, 0) lvl 0
MM (-1, 0) lvl 0
MM (-1, 0) lvl 0
MM (-1, 0) lvl 0
MM (-1, 0) lvl 1
MM (-1, 0) lvl 0
MM (-1, 0) lvl 0
MM (-1, 0) lvl 0
MM (-1, 0) lvl 0
MM (-1, 0) lvl 0
MM (-1, 0) lvl 1
MM (-1, 0) lvl 0
MM (-1, 0) lvl 0
MM (-1, 0) lvl 0
MM (-1, 0) lvl 0
MM (-1, 0) lvl 0
MM (-1, 0) lvl 1
MM (-1, 0) lvl 0
MM (-1, 0) lvl 0
MM (-1, 0) lvl 0
MM (-1, 0) lvl 0
MM (-1, 0) lvl 0
MM (-1, 0) lvl 0
MM (-1, 0) lvl 2
MM (-1, 0) lvl 1
MM (-1, 0) lvl 0
MM (-1, 0) lvl 0
MM (-1, 0) lvl 1
MM (-1, 0) lvl 0
MM (-1, 0) lvl 0
MM (-1, 0) lvl 0
MM (-1, 0) lvl 0
MM (-1, 0) lvl 0
MM (-1, 0) lvl 0
MM (-1, 0) lvl 1
MM (-1, 0) lvl 0
MM (-1, 0) lvl 0
MM (-1, 0) lvl 0
MM (-1, 0) lvl 0
MM (-1, 0) lvl 0
MM (-1, 0) lvl 1
MM (-1, 0) lvl 0
MM (-1, 0) lvl 0
MM (-1, 0) lvl 0
MM (-1, 0) lvl 0
MM (-1, 0) lvl 1
MM (-1, 0) lvl 0
MM (-1, 0) lvl 0
MM (-1, 0) lvl 0
MM (-1, 0) lvl 0
MM (-1, 0) lvl 0
MM (-1, 0) lvl 0
MM (0, 2147483647) lvl 3
MM (0, 2147483647) lvl 2
MM (0, 2147483647) lvl 1
MM (0, 2147483647) lvl 0
MM (0, 2147483647) lvl 1
MM (0, 2147483647) lvl 0
MM (0, 1) lvl 0
MM (0, 2147483647) lvl 1
MM (0, 2147483647) lvl 0
MM (0, 2147483647) lvl 1
MM (0, 2147483647) lvl 0
MM (0, 2147483647) lvl 1
MM (0, 2147483647) lvl 0
MM (0, 2147483647) lvl 1
MM (0, 2147483647) lvl 0
MM (0, 2147483647) lvl 1
MM (0, 2147483647) lvl 0
MM (0, 2147483647) lvl 3
MM (0, 2147483647) lvl 2
MM (0, 2147483647) lvl 1
MM (0, 2147483647) lvl 0
MM (0, 2147483647) lvl 1
MM (0, 2147483647) lvl 0
MM (0, 1) lvl 0
MM (0, 1) lvl 0
MM (0, 2147483647) lvl 1
MM (0, 2147483647) lvl 0
MM (0, 2147483647) lvl 1
MM (0, 2147483647) lvl 0
MM (0, 2147483647) lvl 1
MM (0, 2147483647) lvl 0
MM (0, 2147483647) lvl 1
MM (0, 2147483647) lvl 0
MM (0, 2147483647) lvl 1
MM (0, 2147483647) lvl 0
MM (0, 2147483647) lvl 3
MM (0, 2147483647) lvl 2
MM (0, 2147483647) lvl 1
MM (0, 2147483647) lvl 0
MM (0, 1) lvl 0
MM (0, 2147483647) lvl 1
MM (0, 2147483647) lvl 0
MM (0, 2147483647) lvl 1
MM (0, 2147483647) lvl 0
MM (0, 2147483647) lvl 1
MM (0, 2147483647) lvl 0
MM (0, 2147483647) lvl 1
MM (0, 2147483647) lvl 0
MM (0, 2147483647) lvl 1
MM (0, 2147483647) lvl 0
MM (0, 2147483647) lvl 1
MM (0, 2147483647) lvl 0
MM (0, 2147483647) lvl 3
MM (0, 2147483647) lvl 2
MM (0, 2147483647) lvl 1
MM (0, 2147483647) lvl 0
MM (0, 2147483647) lvl 1
MM (0, 2147483647) lvl 0
MM (0, 1) lvl 0
MM (0, 2147483647) lvl 1
MM (0, 2147483647) lvl 0
MM (0, 2147483647) lvl 1
MM (0, 2147483647) lvl 0
MM (0, 2147483647) lvl 1
MM (0, 2147483647) lvl 0
MM (0, 2147483647) lvl 1
MM (0, 2147483647) lvl 0
MM (0, 2147483647) lvl 1
MM (0, 2147483647) lvl 0
Move 1: 2,2 MM value 0 Board value 0
 | | 
-----
 |X| 
-----
 | | 

MM (-2147483648, 2147483647) lvl 4
MM (-2147483648, 2147483647) lvl 3
MM (-2147483648, 2147483647) lvl 2
MM (-2147483648, 2147483647) lvl 1
MM (-2147483648, 2147483647) lvl 0
MM (2, 2147483647) lvl 0
MM (2, 2147483647) lvl 0
MM (2, 2147483647) lvl 0
MM (1000000, 2147483647) lvl 0
MM (-2147483648, 1000000) lvl 1
MM (-2147483648, 1000000) lvl 0
MM (1, 1000000) lvl 0
MM (1, 1000000) lvl 0
MM (2, 1000000) lvl 0
MM (-2147483648, 1000000) lvl 1
MM (-2147483648, 1000000) lvl 0
MM (2, 1000000) lvl 0
MM (2, 1000000) lvl 0
MM (2, 1000000) lvl 0
MM (-2147483648, 1000000) lvl 1
MM (-2147483648, 1000000) lvl 0
MM (0, 1000000) lvl 0
MM (2, 1000000) lvl 0
MM (2, 1000000) lvl 0
MM (-2147483648, 1000000) lvl 1
MM (-2147483648, 1000000) lvl 0
MM (1, 1000000) lvl 0
MM (1, 1000000) lvl 0
MM (1, 1000000) lvl 0
MM (1, 1000000) lvl 0
MM (-2147483648, 1) lvl 1
MM (-2147483648, 1) lvl 0
MM (1, 2147483647) lvl 2
MM (1, 2147483647) lvl 1
MM (1, 2147483647) lvl 0
MM (2, 2147483647) lvl 0
MM (3, 2147483647) lvl 0
MM (1000000, 2147483647) lvl 0
MM (1000000, 2147483647) lvl 0
MM (1, 1000000) lvl 1
MM (1, 1000000) lvl 0
MM (1, 1000000) lvl 0
MM (1, 1000000) lvl 0
MM (1, 1000000) lvl 1
MM (1, 1000000) lvl 0
MM (2, 1000000) lvl 0
MM (2, 1000000) lvl 0
MM (1, 1000000) lvl 1
MM (1, 1000000) lvl 0
MM (1, 1000000) lvl 0
MM (1, 1000000) lvl 0
MM (1, 1000000) lvl 0
MM (1, 1000000) lvl 0
MM (1, 2147483647) lvl 2
MM (1, 2147483647) lvl 1
MM (1, 2147483647) lvl 0
MM (2, 2147483647) lvl 0
MM (1000000, 2147483647) lvl 0
MM (1000000, 2147483647) lvl 0
MM (1000000, 2147483647) lvl 0
MM (1, 1000000) lvl 1
MM (1, 1000000) lvl 0
MM (2, 1000000) lvl 0
MM (1, 1000000) lvl 1
MM (1, 1000000) lvl 0
MM (1, 1000000) lvl 0
MM (1, 1000000) lvl 0
MM (1, 1000000) lvl 0
MM (1, 1000000) lvl 0
MM (1, 2147483647) lvl 2
MM (1, 2147483647) lvl 1
MM (1, 2147483647) lvl 0
MM (3, 2147483647) lvl 0
MM (1000000, 2147483647) lvl 0
MM (1000000, 2147483647) lvl 0
MM (1000000, 2147483647) lvl 0
MM (1, 1000000) lvl 1
MM (1, 1000000) lvl 0
MM (2, 1000000) lvl 0
MM (1, 1000000) lvl 1
MM (1, 1000000) lvl 0
MM (1, 1000000) lvl 0
MM (1, 1000000) lvl 0
MM (1, 1000000) lvl 0
MM (1, 1000000) lvl 0
MM (1, 2147483647) lvl 2
MM (1, 2147483647) lvl 1
MM (1, 2147483647) lvl 0
MM (1000000, 2147483647) lvl 0
MM (1000000, 2147483647) lvl 0
MM (1000000, 2147483647) lvl 0
MM (1000000, 2147483647) lvl 0
MM (1, 1000000) lvl 1
MM (1, 1000000) lvl 0
MM (1, 1000000) lvl 0
MM (1, 1000000) lvl 0
MM (1, 1000000) lvl 0
MM (1, 1000000) lvl 0
MM (1, 2147483647) lvl 2
MM (1, 2147483647) lvl 1
MM (1, 2147483647) lvl 0
MM (1, 2147483647) lvl 0
MM (1, 2147483647) lvl 0
MM (1, 2147483647) lvl 0
MM (1, 2147483647) lvl 0
MM (1, 2147483647) lvl 2
MM (1, 2147483647) lvl 1
MM (1, 2147483647) lvl 0
MM (2, 2147483647) lvl 0
MM (2, 2147483647) lvl 0
MM (2, 2147483647) lvl 0
MM (2, 2147483647) lvl 0
MM (1, 2) lvl 1
MM (1, 2) lvl 0
MM (1, 2) lvl 0
MM (1, 2) lvl 0
MM (1, 2) lvl 0
MM (1, 2) lvl 0
MM (-2147483648, 1) lvl 3
MM (-2147483648, 1) lvl 2
MM (-2147483648, 1) lvl 1
MM (-2147483648, 1) lvl 0
MM (-2147483648, 1) lvl 1
MM (-2147483648, 1) lvl 0
MM (-2147483648, 1) lvl 1
MM (-2147483648, 1) lvl 0
MM (-2147483648, 1) lvl 1
MM (-2147483648, 1) lvl 0
MM (-2147483648, 1) lvl 1
MM (-2147483648, 1) lvl 0
MM (-2147483648, 1) lvl 1
MM (-2147483648, 1) lvl 0
MM (-2147483648, 1) lvl 3
MM (-2147483648, 1) lvl 2
MM (-2147483648, 1) lvl 1
MM (-2147483648, 1) lvl 0
MM (-2147483648, 1) lvl 1
MM (-2147483648, 1) lvl 0
MM (-2147483648, 1) lvl 1
MM (-2147483648, 1) lvl 0
MM (-2147483648, 1) lvl 1
MM (-2147483648, 1) lvl 0
MM (-2147483648, 1) lvl 1
MM (-2147483648, 1) lvl 0
MM (-2147483648, 1) lvl 1
MM (-2147483648, 1) lvl 0
MM (0, 1) lvl 0
MM (-2147483648, 1) lvl 3
MM (-2147483648, 1) lvl 2
MM (-2147483648, 1) lvl 1
MM (-2147483648, 1) lvl 0
MM (-2147483648, 1) lvl 1
MM (-2147483648, 1) lvl 0
MM (-2147483648, 1) lvl 1
MM (-2147483648, 1) lvl 0
MM (-2147483648, 1) lvl 1
MM (-2147483648, 1) lvl 0
MM (-2147483648, 1) lvl 1
MM (-2147483648, 1) lvl 0
MM (-2147483648, 1) lvl 1
MM (-2147483648, 1) lvl 0
MM (-2147483648, 1) lvl 3
MM (-2147483648, 1) lvl 2
MM (-2147483648, 1) lvl 1
MM (-2147483648, 1) lvl 0
MM (-2147483648, 1) lvl 1
MM (-2147483648, 1) lvl 0
MM (-2147483648, 1) lvl 1
MM (-2147483648, 1) lvl 0
MM (-2147483648, 1) lvl 1
MM (-2147483648, 1) lvl 0
MM (-2147483648, 1) lvl 1
MM (-2147483648, 1) lvl 0
MM (-2147483648, 1) lvl 1
MM (-2147483648, 1) lvl 0
MM (-2147483648, 1) lvl 3
MM (-2147483648, 1) lvl 2
MM (-2147483648, 1) lvl 1
MM (-2147483648, 1) lvl 0
MM (-2147483648, 1) lvl 1
MM (-2147483648, 1) lvl 0
MM (-2147483648, 1) lvl 1
MM (-2147483648, 1) lvl 0
MM (-2147483648, 1) lvl 1
MM (-2147483648, 1) lvl 0
MM (-2147483648, 1) lvl 1
MM (-2147483648, 1) lvl 0
MM (-2147483648, 1) lvl 1
MM (-2147483648, 1) lvl 0
MM (-2147483648, 1) lvl 3
MM (-2147483648, 1) lvl 2
MM (-2147483648, 1) lvl 1
MM (-2147483648, 1) lvl 0
MM (-2147483648, 1) lvl 1
MM (-2147483648, 1) lvl 0
MM (-2147483648, 1) lvl 1
MM (-2147483648, 1) lvl 0
MM (-2147483648, 1) lvl 1
MM (-2147483648, 1) lvl 0
MM (-2147483648, 1) lvl 1
MM (-2147483648, 1) lvl 0
MM (-2147483648, 1) lvl 1
MM (-2147483648, 1) lvl 0
MM (0, 1) lvl 0
MM (-2147483648, 1) lvl 3
MM (-2147483648, 1) lvl 2
MM (-2147483648, 1) lvl 1
MM (-2147483648, 1) lvl 0
MM (-2147483648, 1) lvl 1
MM (-2147483648, 1) lvl 0
MM (0, 1) lvl 0
MM (-2147483648, 1) lvl 1
MM (-2147483648, 1) lvl 0
MM (-2147483648, 1) lvl 1
MM (-2147483648, 1) lvl 0
MM (-2147483648, 1) lvl 1
MM (-2147483648, 1) lvl 0
MM (-2147483648, 1) lvl 1
MM (-2147483648, 1) lvl 0
MM (0, 1) lvl 0
Move 2: 1,1 MM value 1 Board value 0
O| | 
-----
 |X| 
-----
 | | 

MM (-2147483648, 2147483647) lvl 4
MM (-2147483648, 2147483647) lvl 3
MM (-2147483648, 2147483647) lvl 2
MM (-2147483648, 2147483647) lvl 1
MM (-2147483648, 2147483647) lvl 0
MM (-2147483648, 0) lvl 0
MM (-2147483648, 0) lvl 0
MM (-2147483648, 0) lvl 0
MM (0, 2147483647) lvl 1
MM (0, 2147483647) lvl 0
MM (0, 2147483647) lvl 1
MM (0, 2147483647) lvl 0
MM (0, 1) lvl 0
MM (0, 2147483647) lvl 1
MM (1000000, 2147483647) lvl 1
MM (1000000, 2147483647) lvl 0
MM (-2147483648, 1000000) lvl 2
MM (-2147483648, 1000000) lvl 1
MM (-2147483648, 1000000) lvl 0
MM (-2147483648, 1) lvl 0
MM (-2147483648, -1000000) lvl 0
MM (-2147483648, -1000000) lvl 0
MM (-1000000, 1000000) lvl 1
MM (-1000000, 1000000) lvl 0
MM (-1000000, 0) lvl 0
MM (-1000000, 1000000) lvl 1
MM (-1000000, 1000000) lvl 0
MM (-1000000, 1) lvl 0
MM (-1000000, 1) lvl 0
MM (-1000000, 1) lvl 0
MM (1, 1000000) lvl 1
MM (-2147483648, 1000000) lvl 2
MM (-2147483648, 1000000) lvl 1
MM (-2147483648, 1000000) lvl 0
MM (-2147483648, 1) lvl 0
MM (-2147483648, 0) lvl 0
MM (-2147483648, 0) lvl 0
MM (0, 1000000) lvl 1
MM (0, 1000000) lvl 0
MM (0, 1000000) lvl 1
MM (0, 1000000) lvl 0
MM (0, 1000000) lvl 1
MM (-2147483648, 1000000) lvl 2
MM (-2147483648, 1000000) lvl 1
MM (-2147483648, 1000000) lvl 0
MM (-2147483648, -1000000) lvl 0
MM (-2147483648, -1000000) lvl 0
MM (-2147483648, -1000000) lvl 0
MM (-1000000, 1000000) lvl 1
MM (-1000000, 1000000) lvl 0
MM (-1000000, 2) lvl 0
MM (-1000000, 1) lvl 0
MM (-1000000, 0) lvl 0
MM (0, 1000000) lvl 1
MM (0, 1000000) lvl 0
MM (0, 1) lvl 0
MM (0, 1000000) lvl 1
MM (-2147483648, 1000000) lvl 2
MM (-2147483648, 1000000) lvl 1
MM (-2147483648, 1000000) lvl 0
MM (-2147483648, 0) lvl 0
MM (-2147483648, 0) lvl 0
MM (-2147483648, -2) lvl 0
MM (-2, 1000000) lvl 1
MM (-2, 1000000) lvl 0
MM (-2, 1) lvl 0
MM (-2, 0) lvl 0
MM (-2, 0) lvl 0
MM (0, 1000000) lvl 1
MM (0, 1000000) lvl 0
MM (0, 1) lvl 0
MM (0, 1000000) lvl 1
MM (0, 1000000) lvl 0
MM (0, 1000000) lvl 1
MM (0, 1000000) lvl 0
MM (-2147483648, 0) lvl 2
MM (-2147483648, 0) lvl 1
MM (-2147483648, 0) lvl 0
MM (-2147483648, 0) lvl 0
MM (-2147483648, 0) lvl 0
MM (-2147483648, -1) lvl 0
MM (-1, 0) lvl 1
MM (-1, 0) lvl 0
MM (-1, 0) lvl 0
MM (-1, 0) lvl 0
MM (-1, 0) lvl 0
MM (0, 2147483647) lvl 3
MM (0, 2147483647) lvl 2
MM (0, 2147483647) lvl 1
MM (0, 2147483647) lvl 0
MM (0, 1) lvl 0
MM (0, 1) lvl 0
MM (0, 1) lvl 0
MM (1, 2147483647) lvl 1
MM (1, 2147483647) lvl 0
MM (1, 2147483647) lvl 1
MM (1000000, 2147483647) lvl 1
MM (1000000, 2147483647) lvl 0
MM (1000000, 2147483647) lvl 1
MM (1000000, 2147483647) lvl 0
MM (0, 1000000) lvl 2
MM (0, 1000000) lvl 1
MM (0, 1000000) lvl 0
MM (0, 1) lvl 0
MM (0, 1000000) lvl 1
MM (0, 1000000) lvl 0
MM (0, 1) lvl 0
MM (0, 1000000) lvl 1
MM (0, 1000000) lvl 2
MM (0, 1000000) lvl 1
MM (0, 1000000) lvl 0
MM (0, 1) lvl 0
MM (0, 1000000) lvl 1
MM (0, 1000000) lvl 0
MM (0, 1) lvl 0
MM (0, 1000000) lvl 1
MM (0, 1000000) lvl 2
MM (0, 1000000) lvl 1
MM (0, 1000000) lvl 0
MM (0, 1000000) lvl 1
MM (0, 1000000) lvl 0
MM (0, 1) lvl 0
MM (0, 1000000) lvl 1
MM (0, 1000000) lvl 0
MM (0, 1) lvl 0
MM (0, 1000000) lvl 1
MM (0, 1000000) lvl 0
MM (0, 1000000) lvl 1
MM (0, 1000000) lvl 0
MM (0, 2147483647) lvl 3
MM (0, 2147483647) lvl 2
MM (0, 2147483647) lvl 1
MM (0, 2147483647) lvl 0
MM (0, 1) lvl 0
MM (0, 1) lvl 0
MM (0, 1) lvl 0
MM (1, 2147483647) lvl 1
MM (1000000, 2147483647) lvl 1
MM (1000000, 2147483647) lvl 0
MM (1000000, 2147483647) lvl 1
MM (1000000, 2147483647) lvl 0
MM (1000000, 2147483647) lvl 1
MM (1000000, 2147483647) lvl 0
MM (0, 1000000) lvl 2
MM (0, 1000000) lvl 1
MM (0, 1000000) lvl 0
MM (0, 1000000) lvl 1
MM (0, 1000000) lvl 2
MM (0, 1000000) lvl 1
MM (0, 1000000) lvl 0
MM (0, 1000000) lvl 1
MM (0, 1000000) lvl 0
MM (0, 1) lvl 0
MM (0, 1000000) lvl 1
MM (0, 1000000) lvl 0
MM (0, 1000000) lvl 1
MM (0, 1000000) lvl 0
MM (0, 1000000) lvl 1
MM (0, 1000000) lvl 0
MM (0, 2147483647) lvl 3
MM (0, 2147483647) lvl 2
MM (0, 2147483647) lvl 1
MM (0, 2147483647) lvl 0
MM (0, 1) lvl 0
MM (0, 1) lvl 0
MM (0, 1) lvl 0
MM (1, 2147483647) lvl 1
MM (1000000, 2147483647) lvl 1
MM (1000000, 2147483647) lvl 0
MM (1000000, 2147483647) lvl 1
MM (1000000, 2147483647) lvl 0
MM (1000000, 2147483647) lvl 1
MM (1000000, 2147483647) lvl 0
MM (0, 1000000) lvl 2
MM (0, 1000000) lvl 1
MM (0, 1000000) lvl 0
MM (0, 1000000) lvl 1
MM (0, 1000000) lvl 2
MM (0, 1000000) lvl 1
MM (0, 1000000) lvl 0
MM (0, 1000000) lvl 1
MM (0, 1000000) lvl 0
MM (0, 1) lvl 0
MM (0, 1000000) lvl 1
MM (0, 1000000) lvl 0
MM (0, 1000000) lvl 1
MM (0, 1000000) lvl 0
MM (0, 1000000) lvl 1
MM (0, 1000000) lvl 0
MM (0, 2147483647) lvl 3
MM (0, 2147483647) lvl 2
MM (0, 2147483647) lvl 1
MM (1000000, 2147483647) lvl 1
MM (1000000, 2147483647) lvl 0
MM (1000000, 2147483647) lvl 1
MM (1000000, 2147483647) lvl 0
MM (1000000, 2147483647) lvl 1
MM (1000000, 2147483647) lvl 0
MM (1000000, 2147483647) lvl 1
MM (1000000, 2147483647) lvl 0
MM (0, 1000000) lvl 2
MM (0, 1000000) lvl 1
MM (0, 1000000) lvl 0
MM (0, 1) lvl 0
MM (0, 1000000) lvl 1
MM (0, 1000000) lvl 0
MM (0, 1000000) lvl 1
MM (0, 1000000) lvl 0
MM (0, 1000000) lvl 1
MM (0, 1000000) lvl 0
MM (0, 1000000) lvl 1
MM (0, 1000000) lvl 0
MM (0, 2147483647) lvl 3
MM (0, 2147483647) lvl 2
MM (0, 2147483647) lvl 1
MM (0, 2147483647) lvl 0
MM (0, 2147483647) lvl 1
MM (0, 2147483647) lvl 0
MM (0, 2147483647) lvl 1
MM (0, 2147483647) lvl 0
MM (0, 2147483647) lvl 1
MM (0, 2147483647) lvl 0
MM (0, 2147483647) lvl 1
MM (0, 2147483647) lvl 0
MM (0, 2147483647) lvl 3
MM (0, 2147483647) lvl 2
MM (0, 2147483647) lvl 1
MM (0, 2147483647) lvl 0
MM (0, 1) lvl 0
MM (0, 1) lvl 0
MM (0, 2147483647) lvl 1
MM (0, 2147483647) lvl 0
MM (0, 2147483647) lvl 1
MM (0, 2147483647) lvl 0
MM (0, 2147483647) lvl 1
MM (0, 2147483647) lvl 0
MM (0, 2147483647) lvl 1
MM (0, 2147483647) lvl 0
Move 3: 1,2 MM value 0 Board value 1
O|X| 
-----
 |X| 
-----
 | | 

